{
  "RSpec": {
    "coverage": {
      "/Users/rafael/code/nagging-wip/wip_checker.rb": [
        1,
        1,
        1,
        1,
        1
      ],
      "/Users/rafael/code/nagging-wip/lib/notifier/console_notifier.rb": [
        1,
        1,
        0,
        null,
        null,
        1,
        0,
        null,
        null
      ],
      "/Users/rafael/code/nagging-wip/lib/notifier/email_notifier.rb": [
        1,
        1,
        3,
        2,
        2,
        null,
        null,
        1,
        5,
        null,
        null,
        1,
        1,
        3,
        null,
        null,
        null,
        null,
        null,
        null,
        null,
        null,
        null,
        null
      ],
      "/Users/rafael/code/nagging-wip/lib/notifier/email_sender.rb": [
        1,
        1,
        0,
        0,
        0,
        0,
        0,
        null,
        0,
        null,
        null,
        null,
        null,
        null,
        0,
        null,
        null
      ],
      "/Users/rafael/code/nagging-wip/lib/project/mock_project.rb": [
        1,
        1,
        0,
        null,
        null,
        1,
        0,
        null,
        null
      ],
      "/Users/rafael/code/nagging-wip/lib/wip_checker.rb": [
        1,
        1,
        2,
        2,
        null,
        null,
        1,
        2,
        null,
        null
      ],
      "/Users/rafael/code/nagging-wip/spec/wip_spec.rb": [
        1,
        null,
        1,
        1,
        2,
        2,
        2,
        2,
        null,
        null,
        1,
        1,
        1,
        1,
        null,
        null,
        1,
        1,
        1,
        1,
        null,
        null
      ]
    },
    "timestamp": 1389425681
  }
}
